[2022-06-14 14:41:41.281] ================= Logging =================
[2022-06-14 14:41:41.281] Connect server zlab.zlgcloud.com:443, zlab.zlgcloud.com:8143
[2022-06-14 14:41:41.281] gmq123q login...
[2022-06-14 14:41:41.390] login_on_body: {"result":false,"message":"UC :not exist user","jwt":"eyJhbGciOiJIUzI1NiIsInR5cCI6IkpXVCJ9.eyJpYXQiOjE2NTUxODg5MDAsImlzc3VlciI6Imh0dHBzOi8vMTIwLjc5LjExOS4xMCIsImV4cCI6MTY1NjA1MjkwMH...
[2022-06-14 14:41:50.375] Connect server can.zlgcloud.com:443, can.zlgcloud.com:8143
[2022-06-14 14:41:50.375] gmq123q login...
[2022-06-14 14:41:50.593] login_on_body: {"result":true,"message":"OK","data":{"username":"gmq123q","mobile":"15201297129","company":"‰∏≠Â∑•ÈôÖÂçéÈáçÂ∑•ÔºàÈùíÂ≤õÔºâÊúâÈôêÂÖ¨Âè∏","role":0,"register_time":1632474638,"last_lo...
[2022-06-14 14:41:50.593] login token: eyJhbGciOiJIUzI1NiIsInR5cCI6IkpXVCJ9.eyJ1c2VyaWQiOiI2MTRkMzYzYWUyMTVmNWE3NDdkNzVmZGQiLCJyb2xlIjowLCJ1c2VybmFtZSI6ImdtcTEyM3EiLCJtb2JpbGUiOiIxNTIwMTI5NzEyOSIsImRldl9leHRyYSI6eyJkYXRhX2...
[2022-06-14 14:41:50.593] login success.
[2022-06-14 14:41:50.593] Query devices ...
[2022-06-14 14:41:50.703] query_devices_on_body: {"result":true,"message":"OK","data":[{"devid":"3A0367ADE2D1D4511734","devtype":"candtu-200","owner":"gmq123q","devclass":0,"status":1,"devprotocol":0,"data_extra":{"data_si...
[2022-06-14 14:41:50.703] Device0: CANDTU-200UWGR candtu-200 CANDTU-200UWGR 3A0367ADE2D1D4511734 offline.
[2022-06-14 14:41:50.703] Device1: CANDTU-400-2Car candtu-400 CANDTU-400EWGR BBA10000B0B113FB812A online.
[2022-06-14 14:41:50.703] Device2: CANDTU-400-1Car candtu-400 CANDTU-400EWGR DFA10000B0B113F6A034 offline.
[2022-06-14 14:41:50.703] Device3: CANDTU-400-3Car candtu-400 CANDTU-400EWGR E1A10000B0B113F6F3E3 offline.
[2022-06-14 14:41:50.875] mqtt connecting...
[2022-06-14 14:41:50.890] mqtt connect success.
[2022-06-14 14:41:55.109] subscribe topic: /d2s/gmq123q/candtu-200/3A0367ADE2D1D4511734/online
[2022-06-14 14:41:55.125] subscribe topic: /d2s/gmq123q/candtu-200/3A0367ADE2D1D4511734/offline
[2022-06-14 14:41:55.140] subscribe topic: /d2s/gmq123q/candtu-200/3A0367ADE2D1D4511734/status
[2022-06-14 14:41:55.140] subscribe topic: /d2s/gmq123q/candtu-200/3A0367ADE2D1D4511734/data
[2022-06-14 14:41:55.156] subscribe topic: /d2s/gmq123q/candtu-200/3A0367ADE2D1D4511734/raw
[2022-06-14 14:41:55.156] subscribe topic: /d2s/gmq123q/candtu-200/3A0367ADE2D1D4511734/warning
[2022-06-14 14:41:55.171] subscribe topic: /d2s/gmq123q/candtu-200/3A0367ADE2D1D4511734/error
[2022-06-14 14:42:06.328] unsubscribe topic: /d2s/gmq123q/candtu-200/3A0367ADE2D1D4511734/online
[2022-06-14 14:42:06.343] unsubscribe topic: /d2s/gmq123q/candtu-200/3A0367ADE2D1D4511734/offline
[2022-06-14 14:42:06.343] unsubscribe topic: /d2s/gmq123q/candtu-200/3A0367ADE2D1D4511734/status
[2022-06-14 14:42:06.359] unsubscribe topic: /d2s/gmq123q/candtu-200/3A0367ADE2D1D4511734/data
[2022-06-14 14:42:06.359] unsubscribe topic: /d2s/gmq123q/candtu-200/3A0367ADE2D1D4511734/raw
[2022-06-14 14:42:06.375] unsubscribe topic: /d2s/gmq123q/candtu-200/3A0367ADE2D1D4511734/warning
[2022-06-14 14:42:06.375] unsubscribe topic: /d2s/gmq123q/candtu-200/3A0367ADE2D1D4511734/error
[2022-06-14 14:42:18.046] Disconnect server ...
[2022-06-14 14:42:18.062] mqtt loop exit.
[2022-06-14 14:42:18.062] mqtt disconnecting...
[2022-06-14 14:42:18.062] mqtt disconnected.
[2022-06-14 14:42:18.062] gmq123q logout...
[2022-06-14 14:42:18.171] logout_on_body: {"result":true,"message":"OK","jwt":"eyJhbGciOiJIUzI1NiIsInR5cCI6IkpXVCJ9.eyJpYXQiOjE2NTUxODg5MzcsImlzc3VlciI6Imh0dHBzOi8vd3d3LnpsZ2Nsb3VkLmNvbSIsImV4cCI6MTY1NjA1MjkzN30.ogyZv_-dBI...
[2022-06-14 14:42:38.171] ================= Logging =================
[2022-06-14 14:42:38.171] Connect server zlab.zlgcloud.com:443, zlab.zlgcloud.com:8143
[2022-06-14 14:42:38.171] 15201297129 login...
[2022-06-14 14:42:38.265] login_on_body: {"result":false,"message":"UC :not exist user","jwt":"eyJhbGciOiJIUzI1NiIsInR5cCI6IkpXVCJ9.eyJpYXQiOjE2NTUxODg5NTcsImlzc3VlciI6Imh0dHBzOi8vMTIwLjc5LjExOS4xMCIsImV4cCI6MTY1NjA1Mjk1N3...
[2022-06-14 14:42:44.625] Connect server can.zlgcloud.com:443, can.zlgcloud.com:8143
[2022-06-14 14:42:44.625] 15201297129 login...
[2022-06-14 14:42:44.875] login_on_body: {"result":true,"message":"OK","data":{"username":"gmq123q","password":"8e75c126f24a21016d2cee112693ee90100fd828a359502f6f3ebf9e0ee875f9","mobile":"15201297129","company":"‰∏≠Â∑•ÈôÖÂ...
[2022-06-14 14:42:44.890] login token: eyJhbGciOiJIUzI1NiIsInR5cCI6IkpXVCJ9.eyJ1c2VyaWQiOiI2MTRkMzYzYWUyMTVmNWE3NDdkNzVmZGQiLCJyb2xlIjowLCJ1c2VybmFtZSI6ImdtcTEyM3EiLCJtb2JpbGUiOiIxNTIwMTI5NzEyOSIsImRldl9leHRyYSI6eyJkYXRhX2...
[2022-06-14 14:42:44.890] login success.
[2022-06-14 14:42:44.890] Query devices ...
[2022-06-14 14:42:45.015] query_devices_on_body: {"result":true,"message":"OK","data":[{"devid":"3A0367ADE2D1D4511734","devtype":"candtu-200","owner":"gmq123q","devclass":0,"status":1,"devprotocol":0,"data_extra":{"data_si...
[2022-06-14 14:42:45.015] Device0: CANDTU-200UWGR candtu-200 CANDTU-200UWGR 3A0367ADE2D1D4511734 offline.
[2022-06-14 14:42:45.015] Device1: CANDTU-400-2Car candtu-400 CANDTU-400EWGR BBA10000B0B113FB812A online.
[2022-06-14 14:42:45.015] Device2: CANDTU-400-1Car candtu-400 CANDTU-400EWGR DFA10000B0B113F6A034 offline.
[2022-06-14 14:42:45.015] Device3: CANDTU-400-3Car candtu-400 CANDTU-400EWGR E1A10000B0B113F6F3E3 offline.
[2022-06-14 14:42:45.203] mqtt connecting...
[2022-06-14 14:42:45.234] mqtt connect success.
[2022-06-14 14:43:04.296] Disconnect server ...
[2022-06-14 14:43:04.296] mqtt loop exit.
[2022-06-14 14:43:04.296] mqtt disconnecting...
[2022-06-14 14:43:04.296] mqtt disconnected.
[2022-06-14 14:43:04.296] gmq123q logout...
[2022-06-14 14:43:04.421] logout_on_body: {"result":true,"message":"OK","jwt":"eyJhbGciOiJIUzI1NiIsInR5cCI6IkpXVCJ9.eyJpYXQiOjE2NTUxODg5ODMsImlzc3VlciI6Imh0dHBzOi8vd3d3LnpsZ2Nsb3VkLmNvbSIsImV4cCI6MTY1NjA1Mjk4M30.TPReScx0kr...
[2022-06-14 14:48:55.750] ================= Logging =================
[2022-06-14 14:48:55.750] Connect server can.zlgcloud.com:443, can.zlgcloud.com:8143, https
[2022-06-14 14:48:55.750] 15201297129 login...
[2022-06-14 14:48:56.046] login_on_body: {"result":true,"message":"OK","data":{"username":"gmq123q","password":"8e75c126f24a21016d2cee112693ee90100fd828a359502f6f3ebf9e0ee875f9","mobile":"15201297129","company":"‰∏≠Â∑•ÈôÖÂ...
[2022-06-14 14:48:56.171] login token: eyJhbGciOiJIUzI1NiIsInR5cCI6IkpXVCJ9.eyJ1c2VyaWQiOiI2MTRkMzYzYWUyMTVmNWE3NDdkNzVmZGQiLCJyb2xlIjowLCJ1c2VybmFtZSI6ImdtcTEyM3EiLCJtb2JpbGUiOiIxNTIwMTI5NzEyOSIsImRldl9leHRyYSI6eyJkYXRhX2...
[2022-06-14 14:48:56.171] login success.
[2022-06-14 14:48:56.171] Query devices ...
[2022-06-14 14:48:56.296] query_devices_on_body: {"result":true,"message":"OK","data":[{"devid":"3A0367ADE2D1D4511734","devtype":"candtu-200","owner":"gmq123q","devclass":0,"status":1,"devprotocol":0,"data_extra":{"data_si...
[2022-06-14 14:48:56.359] Device0: CANDTU-200UWGR candtu-200 CANDTU-200UWGR 3A0367ADE2D1D4511734 offline.
[2022-06-14 14:48:56.359] Device1: CANDTU-400-2Car candtu-400 CANDTU-400EWGR BBA10000B0B113FB812A online.
[2022-06-14 14:48:56.359] Device2: CANDTU-400-1Car candtu-400 CANDTU-400EWGR DFA10000B0B113F6A034 offline.
[2022-06-14 14:48:56.359] Device3: CANDTU-400-3Car candtu-400 CANDTU-400EWGR E1A10000B0B113F6F3E3 offline.
[2022-06-14 14:48:56.562] mqtt connecting...
[2022-06-14 14:48:56.593] mqtt connect success.
[2022-07-19 17:33:18.171] ================= Logging =================
[2022-07-19 17:33:18.171] Connect server can.zlgcloud.com:443, can.zlgcloud.com:8143, https
[2022-07-19 17:33:18.171] 15201297129 login...
[2022-07-19 17:33:18.546] login_on_body: {"result":true,"message":"OK","data":{"username":"gmq123q","password":"8e75c126f24a21016d2cee112693ee90100fd828a359502f6f3ebf9e0ee875f9","mobile":"15201297129","company":"‰∏≠Â∑•ÈôÖÂ...
[2022-07-19 17:33:18.562] login token: eyJhbGciOiJIUzI1NiIsInR5cCI6IkpXVCJ9.eyJ1c2VyaWQiOiI2MTRkMzYzYWUyMTVmNWE3NDdkNzVmZGQiLCJyb2xlIjowLCJ1c2VybmFtZSI6ImdtcTEyM3EiLCJtb2JpbGUiOiIxNTIwMTI5NzEyOSIsImRldl9leHRyYSI6eyJkYXRhX2...
[2022-07-19 17:33:18.562] login success.
[2022-07-19 17:33:18.562] Query devices ...
[2022-07-19 17:33:18.734] query_devices_on_body: {"result":true,"message":"OK","data":[{"devid":"3A0367ADE2D1D4511734","devtype":"candtu-200","owner":"gmq123q","devclass":0,"status":1,"devprotocol":0,"data_extra":{"data_si...
[2022-07-19 17:33:18.750] Device0: CANDTU-200UWGR candtu-200 CANDTU-200UWGR 3A0367ADE2D1D4511734 offline.
[2022-07-19 17:33:18.750] Device1: CANDTU-400-2Car candtu-400 CANDTU-400EWGR BBA10000B0B113FB812A offline.
[2022-07-19 17:33:18.750] Device2: CANDTU-400-1Car candtu-400 CANDTU-400EWGR DFA10000B0B113F6A034 offline.
[2022-07-19 17:33:18.750] Device3: CANDTU-400-3Car candtu-400 CANDTU-400EWGR E1A10000B0B113F6F3E3 offline.
[2022-07-19 17:33:19.953] mqtt connecting...
[2022-07-19 17:33:19.984] mqtt connect success.
[2022-07-19 17:33:22.296] subscribe topic: /d2s/gmq123q/candtu-200/3A0367ADE2D1D4511734/online
[2022-07-19 17:33:22.312] subscribe topic: /d2s/gmq123q/candtu-200/3A0367ADE2D1D4511734/offline
[2022-07-19 17:33:22.328] subscribe topic: /d2s/gmq123q/candtu-200/3A0367ADE2D1D4511734/status
[2022-07-19 17:33:22.343] subscribe topic: /d2s/gmq123q/candtu-200/3A0367ADE2D1D4511734/data
[2022-07-19 17:33:22.375] subscribe topic: /d2s/gmq123q/candtu-200/3A0367ADE2D1D4511734/raw
[2022-07-19 17:33:22.390] subscribe topic: /d2s/gmq123q/candtu-200/3A0367ADE2D1D4511734/warning
[2022-07-19 17:33:22.406] subscribe topic: /d2s/gmq123q/candtu-200/3A0367ADE2D1D4511734/error
[2022-07-19 17:33:27.843] unsubscribe topic: /d2s/gmq123q/candtu-200/3A0367ADE2D1D4511734/online
[2022-07-19 17:33:27.843] unsubscribe topic: /d2s/gmq123q/candtu-200/3A0367ADE2D1D4511734/offline
[2022-07-19 17:33:27.859] unsubscribe topic: /d2s/gmq123q/candtu-200/3A0367ADE2D1D4511734/status
[2022-07-19 17:33:27.875] unsubscribe topic: /d2s/gmq123q/candtu-200/3A0367ADE2D1D4511734/data
[2022-07-19 17:33:27.875] unsubscribe topic: /d2s/gmq123q/candtu-200/3A0367ADE2D1D4511734/raw
[2022-07-19 17:33:27.890] unsubscribe topic: /d2s/gmq123q/candtu-200/3A0367ADE2D1D4511734/warning
[2022-07-19 17:33:27.906] unsubscribe topic: /d2s/gmq123q/candtu-200/3A0367ADE2D1D4511734/error
[2022-07-19 17:33:53.171] Disconnect server ...
[2022-07-19 17:33:53.187] mqtt loop exit.
[2022-07-19 17:33:53.187] mqtt disconnecting...
[2022-07-19 17:33:53.187] mqtt disconnected.
[2022-07-19 17:33:53.187] gmq123q logout...
[2022-07-19 17:33:53.328] logout_on_body: {"result":true,"message":"OK","jwt":"eyJhbGciOiJIUzI1NiIsInR5cCI6IkpXVCJ9.eyJpYXQiOjE2NTgyMjMyMzIsImlzc3VlciI6Imh0dHBzOi8vd3d3LnpsZ2Nsb3VkLmNvbSIsImV4cCI6MTY1OTA4NzIzMn0.N-hhwV8dkq...
[2022-07-19 17:33:53.328] Connect server can.zlgcloud.com:443, can.zlgcloud.com:8143, https
[2022-07-19 17:33:53.328] SANY_H login...
[2022-07-19 17:33:53.515] login_on_body: {"result":true,"message":"OK","data":{"username":"SANY_H","mobile":"13543065731","role":0,"register_time":1602665360,"last_login_time":1658222808,"password_changed_time":1620789543,...
[2022-07-19 17:33:53.625] login token: eyJhbGciOiJIUzI1NiIsInR5cCI6IkpXVCJ9.eyJ1c2VyaWQiOiI1Zjg2YmI5MDI2NGMxODNkM2E1NzVjODYiLCJyb2xlIjowLCJ1c2VybmFtZSI6IlNBTllfSCIsIm1vYmlsZSI6IjEzNTQzMDY1NzMxIiwiZGV2X2V4dHJhIjp7ImRhdGFfZX...
[2022-07-19 17:33:53.625] login success.
[2022-07-19 17:33:53.625] Query devices ...
[2022-07-19 17:33:53.765] query_devices_on_body: {"result":true,"message":"OK","data":[{"devid":"DE03D7B0DFD1D481311E","devtype":"candtu-200","owner":"SANY_H","devclass":0,"status":1,"devprotocol":0,"data_extra":{"data_siz...
[2022-07-19 17:33:54.828] Device0: CANDTU_Rizhao_28 candtu-200 CANDTU-200UWGR DE03D7B0DFD1D481311E offline.
[2022-07-19 17:33:54.828] Device1: CANDTU_XiangGang26 candtu-200 CANDTU-200UWGR AA03B98FE0D1D4B12504 offline.
[2022-07-19 17:33:54.828] Device2: CANDTU_Tegang candtu-200 CANDTU-200UWGR A603B98FE0D1D4B11F06 online.
[2022-07-19 17:33:54.828] Device3: CANDTU_liugang_77 candtu-200 CANDTU-200UWGR 9503B98FE0D1D4A10C18 online.
[2022-07-19 17:33:54.828] Device4: CANDTU_Xianggang45 candtu-200 CANDTU-200UWGR 340370D4E1D1D441071F offline.
[2022-07-19 17:33:54.828] Device5: CANDTU_liugang_51 candtu-200 CANDTU-200UWGR 0103768FE2D1D4491316 offline.
[2022-07-19 17:33:54.828] Device6: CANDTU_SRSC45E2 candtu-200 CANDTU-200UWGR 9B03B98FE0D1D4B11703 online.
[2022-07-19 17:33:54.828] Device7: CANDTU_SMHC45 candtu-200 CANDTU-200UWGR 2003768FE2D1D4493315 offline.
[2022-07-19 17:33:54.828] Device8: CANDTU_Rizhao_38 candtu-200 CANDTU-200UWGR 9603B98FE0D1D4990B22 online.
[2022-07-19 17:33:54.828] Device9: CANDTU_Yangjiang candtu-200 CANDTU-200UWGR B503B98FE0D1D4A12B19 online.
[2022-07-19 17:33:54.125] mqtt connecting...
[2022-07-19 17:33:54.171] mqtt connect success.
[2022-07-19 17:33:57.718] subscribe topic: /d2s/SANY_H/candtu-200/DE03D7B0DFD1D481311E/online
[2022-07-19 17:33:57.718] subscribe topic: /d2s/SANY_H/candtu-200/DE03D7B0DFD1D481311E/offline
[2022-07-19 17:33:57.734] subscribe topic: /d2s/SANY_H/candtu-200/DE03D7B0DFD1D481311E/status
[2022-07-19 17:33:57.750] subscribe topic: /d2s/SANY_H/candtu-200/DE03D7B0DFD1D481311E/data
[2022-07-19 17:33:57.765] subscribe topic: /d2s/SANY_H/candtu-200/DE03D7B0DFD1D481311E/raw
[2022-07-19 17:33:57.765] subscribe topic: /d2s/SANY_H/candtu-200/DE03D7B0DFD1D481311E/warning
[2022-07-19 17:33:57.781] subscribe topic: /d2s/SANY_H/candtu-200/DE03D7B0DFD1D481311E/error
[2022-07-19 17:34:06.203] unsubscribe topic: /d2s/SANY_H/candtu-200/DE03D7B0DFD1D481311E/online
[2022-07-19 17:34:06.203] unsubscribe topic: /d2s/SANY_H/candtu-200/DE03D7B0DFD1D481311E/offline
[2022-07-19 17:34:06.218] unsubscribe topic: /d2s/SANY_H/candtu-200/DE03D7B0DFD1D481311E/status
[2022-07-19 17:34:06.218] unsubscribe topic: /d2s/SANY_H/candtu-200/DE03D7B0DFD1D481311E/data
[2022-07-19 17:34:06.234] unsubscribe topic: /d2s/SANY_H/candtu-200/DE03D7B0DFD1D481311E/raw
[2022-07-19 17:34:06.250] unsubscribe topic: /d2s/SANY_H/candtu-200/DE03D7B0DFD1D481311E/warning
[2022-07-19 17:34:06.250] unsubscribe topic: /d2s/SANY_H/candtu-200/DE03D7B0DFD1D481311E/error
[2022-07-19 17:34:08.812] Disconnect server ...
[2022-07-19 17:34:08.843] mqtt loop exit.
[2022-07-19 17:34:08.843] mqtt disconnecting...
[2022-07-19 17:34:08.843] mqtt disconnected.
[2022-07-19 17:34:08.843] SANY_H logout...
[2022-07-19 17:34:08.953] logout_on_body: {"result":true,"message":"OK","jwt":"eyJhbGciOiJIUzI1NiIsInR5cCI6IkpXVCJ9.eyJpYXQiOjE2NTgyMjMyNDcsImlzc3VlciI6Imh0dHBzOi8vd3d3LnpsZ2Nsb3VkLmNvbSIsImV4cCI6MTY1OTA4NzI0N30.aIHL0nzex5...
